<?xml version="1.1" encoding="UTF-8"?>
<testsuite name="com.cs.data.core.jpa.ORMServiceUnitTests" tests="2" failures="0" errors="0" timestamp="2013-07-17T12:58:02" hostname="CS11-PC" time="0.05">
  <properties/>
  <testcase name="itShouldSaveAndFindObjectUsingHibernate" classname="com.cs.data.core.jpa.ORMServiceUnitTests" time="0.025"/>
  <testcase name="itShouldSaveAndFindObjectUsingEclipseLink" classname="com.cs.data.core.jpa.ORMServiceUnitTests" time="0.025"/>
  <system-out><![CDATA[]]></system-out>
  <system-err><![CDATA[]]></system-err>
</testsuite>
