<?xml version="1.1" encoding="UTF-8"?>
<testsuite name="com.cs.data.core.NoSqlTemplateUnitTests" tests="4" failures="0" errors="0" timestamp="1970-01-01T00:00:00" hostname="CS11-PC" time="1.374065881189E9">
  <properties/>
  <testcase name="itShouldInsertObjectToRedis" classname="com.cs.data.core.NoSqlTemplateUnitTests" time="0.681"/>
  <testcase name="itShouldGetAnObjectFromRedis" classname="com.cs.data.core.NoSqlTemplateUnitTests" time="0.002"/>
  <testcase name="itShouldInsertObjectToMongoDB" classname="com.cs.data.core.NoSqlTemplateUnitTests" time="0.002"/>
  <testcase name="itShouldGetAnObjectFromMongoDB" classname="com.cs.data.core.NoSqlTemplateUnitTests" time="0.002"/>
  <system-out><![CDATA[Katrina
]]></system-out>
  <system-err><![CDATA[log4j:WARN No appenders could be found for logger (org.springframework.test.context.junit4.SpringJUnit4ClassRunner).
log4j:WARN Please initialize the log4j system properly.
log4j:WARN See http://logging.apache.org/log4j/1.2/faq.html#noconfig for more info.
]]></system-err>
</testsuite>
