<?xml version="1.1" encoding="UTF-8"?>
<testsuite name="com.cs.data.core.nosql.mongodb.MongoRepositoryUnitTests" tests="2" failures="0" errors="0" timestamp="2013-07-17T12:58:02" hostname="CS11-PC" time="0.169">
  <properties/>
  <testcase name="itShouldInsertAnObjectToMongoDB" classname="com.cs.data.core.nosql.mongodb.MongoRepositoryUnitTests" time="0.091"/>
  <testcase name="itShouldGetObjectByKey" classname="com.cs.data.core.nosql.mongodb.MongoRepositoryUnitTests" time="0.077"/>
  <system-out><![CDATA[]]></system-out>
  <system-err><![CDATA[]]></system-err>
</testsuite>
