<?xml version="1.1" encoding="UTF-8"?>
<testsuite name="com.cs.data.core.nosql.redis.RedisRepositoryUnitTests" tests="2" failures="0" errors="0" timestamp="2013-07-26T16:30:38" hostname="CS11-PC" time="0.0">
  <properties/>
  <testcase name="itShouldInsertAnObjectToRedis" classname="com.cs.data.core.nosql.redis.RedisRepositoryUnitTests" time="0.0"/>
  <testcase name="itShouldReturnAnObjectByKey" classname="com.cs.data.core.nosql.redis.RedisRepositoryUnitTests" time="0.0"/>
  <system-out><![CDATA[]]></system-out>
  <system-err><![CDATA[]]></system-err>
</testsuite>
