<?xml version="1.1" encoding="UTF-8"?>
<testsuite name="com.cs.data.core.jpa.ORMFactoryUnitTests" tests="3" failures="0" errors="0" timestamp="1970-01-01T00:00:00" hostname="CS11-PC" time="1.374856237701E9">
  <properties/>
  <testcase name="itShouldGetEntityManagerFactoryForHibernate" classname="com.cs.data.core.jpa.ORMFactoryUnitTests" time="0.952"/>
  <testcase name="itShouldSaveStudentObjectToDataBaseWithHibernate" classname="com.cs.data.core.jpa.ORMFactoryUnitTests" time="0.047"/>
  <testcase name="itShouldSaveStudentObjectToDataBaseWithEclipseLink" classname="com.cs.data.core.jpa.ORMFactoryUnitTests" time="0.156"/>
  <system-out><![CDATA[1
2
]]></system-out>
  <system-err><![CDATA[log4j:WARN No appenders could be found for logger (org.jboss.logging).
log4j:WARN Please initialize the log4j system properly.
log4j:WARN See http://logging.apache.org/log4j/1.2/faq.html#noconfig for more info.
]]></system-err>
</testsuite>
